# JRE version: OpenJDK Runtime Environment Temurin-21.0.10+7 (21.0.10+7) (build 21.0.10+7-LTS)
# Java VM: OpenJDK 64-Bit Server VM Temurin-21.0.10+7 (21.0.10+7-LTS, mixed mode, sharing, tiered, compressed oops, compressed class ptrs, parallel gc, windows-amd64)
GC Precious Log:
 CardTable entry size: 512
 CPUs: 8 total, 8 available
 Memory: 7455M
 Large Page Support: Disabled
 NUMA Support: Disabled
 Compressed Oops: Enabled (32-bit)
 Alignments: Space 512K, Generation 512K, Heap 2M
 Heap Min Capacity: 100M
 Heap Initial Capacity: 100M
 Heap Max Capacity: 2G
 Pre-touch: Disabled
 Parallel Workers: 8
Heap:
 PSYoungGen      total 3072K, used 1382K [0x00000000d5580000, 0x00000000d5a00000, 0x0000000100000000)
  eden space 2048K, 30% used [0x00000000d5580000,0x00000000d561da98,0x00000000d5780000)
  from space 1024K, 73% used [0x00000000d5780000,0x00000000d583c010,0x00000000d5880000)
  to   space 1024K, 0% used [0x00000000d5900000,0x00000000d5900000,0x00000000d5a00000)
 ParOldGen       total 432128K, used 431776K [0x0000000080000000, 0x000000009a600000, 0x00000000d5580000)
  object space 432128K, 99% used [0x0000000080000000,0x000000009a5a8100,0x000000009a600000)
 Metaspace       used 70534K, committed 72000K, reserved 1114112K
  class space    used 7559K, committed 8192K, reserved 1048576K
GC Heap History (20 events):
Event: 593.861 GC heap before
{Heap before GC invocations=331 (full 3):
 PSYoungGen      total 3072K, used 2880K [0x00000000d5580000, 0x00000000d5a00000, 0x0000000100000000)
  eden space 2048K, 99% used [0x00000000d5580000,0x00000000d577cc40,0x00000000d5780000)
  from space 1024K, 82% used [0x00000000d5800000,0x00000000d58d3720,0x00000000d5900000)
  to   space 1024K, 0% used [0x00000000d5900000,0x00000000d5900000,0x00000000d5a00000)
 ParOldGen       total 428032K, used 427955K [0x0000000080000000, 0x000000009a200000, 0x00000000d5580000)
  object space 428032K, 99% used [0x0000000080000000,0x000000009a1ece28,0x000000009a200000)
 Metaspace       used 69811K, committed 71232K, reserved 1114112K
  class space    used 7453K, committed 8064K, reserved 1048576K
}
Event: 593.865 GC heap after
{Heap after GC invocations=331 (full 3):
 PSYoungGen      total 2560K, used 486K [0x00000000d5580000, 0x00000000d5980000, 0x0000000100000000)
  eden space 2048K, 0% used [0x00000000d5580000,0x00000000d5580000,0x00000000d5780000)
  from space 512K, 95% used [0x00000000d5900000,0x00000000d5979a40,0x00000000d5980000)
  to   space 1024K, 0% used [0x00000000d5780000,0x00000000d5780000,0x00000000d5880000)
 ParOldGen       total 430080K, used 430003K [0x0000000080000000, 0x000000009a400000, 0x00000000d5580000)
  object space 430080K, 99% used [0x0000000080000000,0x000000009a3eccf8,0x000000009a400000)
 Metaspace       used 69811K, committed 71232K, reserved 1114112K
  class space    used 7453K, committed 8064K, reserved 1048576K
}
Event: 625.085 GC heap before
{Heap before GC invocations=332 (full 3):
 PSYoungGen      total 2560K, used 2534K [0x00000000d5580000, 0x00000000d5980000, 0x0000000100000000)
  eden space 2048K, 100% used [0x00000000d5580000,0x00000000d5780000,0x00000000d5780000)
  from space 512K, 95% used [0x00000000d5900000,0x00000000d5979a40,0x00000000d5980000)
  to   space 1024K, 0% used [0x00000000d5780000,0x00000000d5780000,0x00000000d5880000)
 ParOldGen       total 430080K, used 430003K [0x0000000080000000, 0x000000009a400000, 0x00000000d5580000)
  object space 430080K, 99% used [0x0000000080000000,0x000000009a3eccf8,0x000000009a400000)
 Metaspace       used 69884K, committed 71296K, reserved 1114112K
  class space    used 7459K, committed 8064K, reserved 1048576K
}
Event: 625.175 GC heap after
{Heap after GC invocations=332 (full 3):
 PSYoungGen      total 3072K, used 316K [0x00000000d5580000, 0x00000000d5980000, 0x0000000100000000)
  eden space 2048K, 0% used [0x00000000d5580000,0x00000000d5580000,0x00000000d5780000)
  from space 1024K, 30% used [0x00000000d5780000,0x00000000d57cf338,0x00000000d5880000)
  to   space 512K, 0% used [0x00000000d5900000,0x00000000d5900000,0x00000000d5980000)
 ParOldGen       total 430080K, used 430075K [0x0000000080000000, 0x000000009a400000, 0x00000000d5580000)
  object space 430080K, 99% used [0x0000000080000000,0x000000009a3fecf8,0x000000009a400000)
 Metaspace       used 69884K, committed 71296K, reserved 1114112K
  class space    used 7459K, committed 8064K, reserved 1048576K
}
Event: 626.815 GC heap before
{Heap before GC invocations=333 (full 3):
 PSYoungGen      total 3072K, used 2364K [0x00000000d5580000, 0x00000000d5980000, 0x0000000100000000)
  eden space 2048K, 100% used [0x00000000d5580000,0x00000000d5780000,0x00000000d5780000)
  from space 1024K, 30% used [0x00000000d5780000,0x00000000d57cf338,0x00000000d5880000)
  to   space 512K, 0% used [0x00000000d5900000,0x00000000d5900000,0x00000000d5980000)
 ParOldGen       total 430080K, used 430075K [0x0000000080000000, 0x000000009a400000, 0x00000000d5580000)
  object space 430080K, 99% used [0x0000000080000000,0x000000009a3fecf8,0x000000009a400000)
 Metaspace       used 70044K, committed 71424K, reserved 1114112K
  class space    used 7487K, committed 8064K, reserved 1048576K
}
Event: 626.822 GC heap after
{Heap after GC invocations=333 (full 3):
 PSYoungGen      total 2560K, used 160K [0x00000000d5580000, 0x00000000d5980000, 0x0000000100000000)
  eden space 2048K, 0% used [0x00000000d5580000,0x00000000d5580000,0x00000000d5780000)
  from space 512K, 31% used [0x00000000d5900000,0x00000000d5928000,0x00000000d5980000)
  to   space 512K, 0% used [0x00000000d5880000,0x00000000d5880000,0x00000000d5900000)
 ParOldGen       total 430592K, used 430240K [0x0000000080000000, 0x000000009a480000, 0x00000000d5580000)
  object space 430592K, 99% used [0x0000000080000000,0x000000009a428030,0x000000009a480000)
 Metaspace       used 70044K, committed 71424K, reserved 1114112K
  class space    used 7487K, committed 8064K, reserved 1048576K
}
Event: 627.673 GC heap before
{Heap before GC invocations=334 (full 3):
 PSYoungGen      total 2560K, used 2208K [0x00000000d5580000, 0x00000000d5980000, 0x0000000100000000)
  eden space 2048K, 100% used [0x00000000d5580000,0x00000000d5780000,0x00000000d5780000)
  from space 512K, 31% used [0x00000000d5900000,0x00000000d5928000,0x00000000d5980000)
  to   space 512K, 0% used [0x00000000d5880000,0x00000000d5880000,0x00000000d5900000)
 ParOldGen       total 430592K, used 430240K [0x0000000080000000, 0x000000009a480000, 0x00000000d5580000)
  object space 430592K, 99% used [0x0000000080000000,0x000000009a428030,0x000000009a480000)
 Metaspace       used 70208K, committed 71616K, reserved 1114112K
  class space    used 7522K, committed 8128K, reserved 1048576K
}
Event: 627.675 GC heap after
{Heap after GC invocations=334 (full 3):
 PSYoungGen      total 2560K, used 320K [0x00000000d5580000, 0x00000000d5980000, 0x0000000100000000)
  eden space 2048K, 0% used [0x00000000d5580000,0x00000000d5580000,0x00000000d5780000)
  from space 512K, 62% used [0x00000000d5880000,0x00000000d58d0020,0x00000000d5900000)
  to   space 512K, 0% used [0x00000000d5900000,0x00000000d5900000,0x00000000d5980000)
 ParOldGen       total 430592K, used 430296K [0x0000000080000000, 0x000000009a480000, 0x00000000d5580000)
  object space 430592K, 99% used [0x0000000080000000,0x000000009a436030,0x000000009a480000)
 Metaspace       used 70208K, committed 71616K, reserved 1114112K
  class space    used 7522K, committed 8128K, reserved 1048576K
}
Event: 628.150 GC heap before
{Heap before GC invocations=335 (full 3):
 PSYoungGen      total 2560K, used 2368K [0x00000000d5580000, 0x00000000d5980000, 0x0000000100000000)
  eden space 2048K, 100% used [0x00000000d5580000,0x00000000d5780000,0x00000000d5780000)
  from space 512K, 62% used [0x00000000d5880000,0x00000000d58d0020,0x00000000d5900000)
  to   space 512K, 0% used [0x00000000d5900000,0x00000000d5900000,0x00000000d5980000)
 ParOldGen       total 430592K, used 430296K [0x0000000080000000, 0x000000009a480000, 0x00000000d5580000)
  object space 430592K, 99% used [0x0000000080000000,0x000000009a436030,0x000000009a480000)
 Metaspace       used 70384K, committed 71744K, reserved 1114112K
  class space    used 7553K, committed 8128K, reserved 1048576K
}
Event: 628.153 GC heap after
{Heap after GC invocations=335 (full 3):
 PSYoungGen      total 2560K, used 224K [0x00000000d5580000, 0x00000000d5980000, 0x0000000100000000)
  eden space 2048K, 0% used [0x00000000d5580000,0x00000000d5580000,0x00000000d5780000)
  from space 512K, 43% used [0x00000000d5900000,0x00000000d5938000,0x00000000d5980000)
  to   space 512K, 0% used [0x00000000d5880000,0x00000000d5880000,0x00000000d5900000)
 ParOldGen       total 430592K, used 430400K [0x0000000080000000, 0x000000009a480000, 0x00000000d5580000)
  object space 430592K, 99% used [0x0000000080000000,0x000000009a450050,0x000000009a480000)
 Metaspace       used 70384K, committed 71744K, reserved 1114112K
  class space    used 7553K, committed 8128K, reserved 1048576K
}
Event: 629.499 GC heap before
{Heap before GC invocations=336 (full 3):
 PSYoungGen      total 2560K, used 2272K [0x00000000d5580000, 0x00000000d5980000, 0x0000000100000000)
  eden space 2048K, 100% used [0x00000000d5580000,0x00000000d5780000,0x00000000d5780000)
  from space 512K, 43% used [0x00000000d5900000,0x00000000d5938000,0x00000000d5980000)
  to   space 512K, 0% used [0x00000000d5880000,0x00000000d5880000,0x00000000d5900000)
 ParOldGen       total 430592K, used 430400K [0x0000000080000000, 0x000000009a480000, 0x00000000d5580000)
  object space 430592K, 99% used [0x0000000080000000,0x000000009a450050,0x000000009a480000)
 Metaspace       used 70413K, committed 71808K, reserved 1114112K
  class space    used 7553K, committed 8128K, reserved 1048576K
}
Event: 629.501 GC heap after
{Heap after GC invocations=336 (full 3):
 PSYoungGen      total 2560K, used 256K [0x00000000d5580000, 0x00000000d5980000, 0x0000000100000000)
  eden space 2048K, 0% used [0x00000000d5580000,0x00000000d5580000,0x00000000d5780000)
  from space 512K, 50% used [0x00000000d5880000,0x00000000d58c0000,0x00000000d5900000)
  to   space 512K, 0% used [0x00000000d5900000,0x00000000d5900000,0x00000000d5980000)
 ParOldGen       total 430592K, used 430488K [0x0000000080000000, 0x000000009a480000, 0x00000000d5580000)
  object space 430592K, 99% used [0x0000000080000000,0x000000009a466050,0x000000009a480000)
 Metaspace       used 70413K, committed 71808K, reserved 1114112K
  class space    used 7553K, committed 8128K, reserved 1048576K
}
Event: 633.031 GC heap before
{Heap before GC invocations=337 (full 3):
 PSYoungGen      total 2560K, used 2304K [0x00000000d5580000, 0x00000000d5980000, 0x0000000100000000)
  eden space 2048K, 100% used [0x00000000d5580000,0x00000000d5780000,0x00000000d5780000)
  from space 512K, 50% used [0x00000000d5880000,0x00000000d58c0000,0x00000000d5900000)
  to   space 512K, 0% used [0x00000000d5900000,0x00000000d5900000,0x00000000d5980000)
 ParOldGen       total 430592K, used 430488K [0x0000000080000000, 0x000000009a480000, 0x00000000d5580000)
  object space 430592K, 99% used [0x0000000080000000,0x000000009a466050,0x000000009a480000)
 Metaspace       used 70458K, committed 71872K, reserved 1114112K
  class space    used 7554K, committed 8128K, reserved 1048576K
}
Event: 633.034 GC heap after
{Heap after GC invocations=337 (full 3):
 PSYoungGen      total 2560K, used 160K [0x00000000d5580000, 0x00000000d5980000, 0x0000000100000000)
  eden space 2048K, 0% used [0x00000000d5580000,0x00000000d5580000,0x00000000d5780000)
  from space 512K, 31% used [0x00000000d5900000,0x00000000d5928000,0x00000000d5980000)
  to   space 512K, 0% used [0x00000000d5880000,0x00000000d5880000,0x00000000d5900000)
 ParOldGen       total 430592K, used 430528K [0x0000000080000000, 0x000000009a480000, 0x00000000d5580000)
  object space 430592K, 99% used [0x0000000080000000,0x000000009a470050,0x000000009a480000)
 Metaspace       used 70458K, committed 71872K, reserved 1114112K
  class space    used 7554K, committed 8128K, reserved 1048576K
}
Event: 735.423 GC heap before
{Heap before GC invocations=338 (full 3):
 PSYoungGen      total 2560K, used 2206K [0x00000000d5580000, 0x00000000d5980000, 0x0000000100000000)
  eden space 2048K, 99% used [0x00000000d5580000,0x00000000d577fae0,0x00000000d5780000)
  from space 512K, 31% used [0x00000000d5900000,0x00000000d5928000,0x00000000d5980000)
  to   space 512K, 0% used [0x00000000d5880000,0x00000000d5880000,0x00000000d5900000)
 ParOldGen       total 430592K, used 430528K [0x0000000080000000, 0x000000009a480000, 0x00000000d5580000)
  object space 430592K, 99% used [0x0000000080000000,0x000000009a470050,0x000000009a480000)
 Metaspace       used 70502K, committed 72000K, reserved 1114112K
  class space    used 7559K, committed 8192K, reserved 1048576K
}
Event: 735.540 GC heap after
{Heap after GC invocations=338 (full 3):
 PSYoungGen      total 2560K, used 256K [0x00000000d5580000, 0x00000000d5980000, 0x0000000100000000)
  eden space 2048K, 0% used [0x00000000d5580000,0x00000000d5580000,0x00000000d5780000)
  from space 512K, 50% used [0x00000000d5880000,0x00000000d58c0000,0x00000000d5900000)
  to   space 512K, 0% used [0x00000000d5900000,0x00000000d5900000,0x00000000d5980000)
 ParOldGen       total 430592K, used 430584K [0x0000000080000000, 0x000000009a480000, 0x00000000d5580000)
  object space 430592K, 99% used [0x0000000080000000,0x000000009a47e050,0x000000009a480000)
 Metaspace       used 70502K, committed 72000K, reserved 1114112K
  class space    used 7559K, committed 8192K, reserved 1048576K
}
Event: 737.066 GC heap before
{Heap before GC invocations=339 (full 3):
 PSYoungGen      total 2560K, used 2303K [0x00000000d5580000, 0x00000000d5980000, 0x0000000100000000)
  eden space 2048K, 99% used [0x00000000d5580000,0x00000000d577ffd0,0x00000000d5780000)
  from space 512K, 50% used [0x00000000d5880000,0x00000000d58c0000,0x00000000d5900000)
  to   space 512K, 0% used [0x00000000d5900000,0x00000000d5900000,0x00000000d5980000)
 ParOldGen       total 430592K, used 430584K [0x0000000080000000, 0x000000009a480000, 0x00000000d5580000)
  object space 430592K, 99% used [0x0000000080000000,0x000000009a47e050,0x000000009a480000)
 Metaspace       used 70513K, committed 72000K, reserved 1114112K
  class space    used 7559K, committed 8192K, reserved 1048576K
}
Event: 737.076 GC heap after
{Heap after GC invocations=339 (full 3):
 PSYoungGen      total 2560K, used 496K [0x00000000d5580000, 0x00000000d5980000, 0x0000000100000000)
  eden space 2048K, 0% used [0x00000000d5580000,0x00000000d5580000,0x00000000d5780000)
  from space 512K, 96% used [0x00000000d5900000,0x00000000d597c050,0x00000000d5980000)
  to   space 1024K, 0% used [0x00000000d5780000,0x00000000d5780000,0x00000000d5880000)
 ParOldGen       total 431104K, used 430668K [0x0000000080000000, 0x000000009a500000, 0x00000000d5580000)
  object space 431104K, 99% used [0x0000000080000000,0x000000009a4932e0,0x000000009a500000)
 Metaspace       used 70513K, committed 72000K, reserved 1114112K
  class space    used 7559K, committed 8192K, reserved 1048576K
}
Event: 737.159 GC heap before
{Heap before GC invocations=340 (full 3):
 PSYoungGen      total 2560K, used 2544K [0x00000000d5580000, 0x00000000d5980000, 0x0000000100000000)
  eden space 2048K, 100% used [0x00000000d5580000,0x00000000d5780000,0x00000000d5780000)
  from space 512K, 96% used [0x00000000d5900000,0x00000000d597c050,0x00000000d5980000)
  to   space 1024K, 0% used [0x00000000d5780000,0x00000000d5780000,0x00000000d5880000)
 ParOldGen       total 431104K, used 430668K [0x0000000080000000, 0x000000009a500000, 0x00000000d5580000)
  object space 431104K, 99% used [0x0000000080000000,0x000000009a4932e0,0x000000009a500000)
 Metaspace       used 70515K, committed 72000K, reserved 1114112K
  class space    used 7559K, committed 8192K, reserved 1048576K
}
Event: 738.100 GC heap after
{Heap after GC invocations=340 (full 3):
 PSYoungGen      total 3072K, used 912K [0x00000000d5580000, 0x00000000d5a00000, 0x0000000100000000)
  eden space 2048K, 0% used [0x00000000d5580000,0x00000000d5580000,0x00000000d5780000)
  from space 1024K, 89% used [0x00000000d5780000,0x00000000d5864010,0x00000000d5880000)
  to   space 1024K, 0% used [0x00000000d5900000,0x00000000d5900000,0x00000000d5a00000)
 ParOldGen       total 431104K, used 430989K [0x0000000080000000, 0x000000009a500000, 0x00000000d5580000)
  object space 431104K, 99% used [0x0000000080000000,0x000000009a4e3670,0x000000009a500000)
 Metaspace       used 70515K, committed 72000K, reserved 1114112K
  class space    used 7559K, committed 8192K, reserved 1048576K
}

